C51 COMPILER V9.60.7.0   ADC                                                               09/25/2023 09:17:23 PAGE 1   


C51 COMPILER V9.60.7.0, COMPILATION OF MODULE ADC
OBJECT MODULE PLACED IN .\Objects\adc.obj
COMPILER INVOKED BY: C:\Keil_v5\C51\BIN\C51.EXE adc.c OPTIMIZE(8,SPEED) BROWSE DEBUG OBJECTEXTEND PRINT(.\Listings\adc.l
                    -st) TABS(2) OBJECT(.\Objects\adc.obj)

line level    source

   1          #include <reg51.h>
   2          #include "adc.h"
   3          #include "IO_Definitions.h"
   4          #include "lcd.h"
   5          
   6          // Implement adc_conv(), adc_read(), and delay() here.
   7          
   8          
   9          void adc_conv()
  10          {                      
  11   1      wr = 0;
  12   1      delay(2);                     
  13   1      wr = 1;                     
  14   1      while(intr);
  15   1      delay(2);
  16   1      intr=1; 
  17   1      }
  18          
  19          
  20          
  21          
  22          void adc_read()
  23          {
  24   1      unsigned int value;                  
  25   1      rd = 0;
  26   1      delay(2);
  27   1      value=adc_input;
  28   1      delay(1);
  29   1      rd=1; 
  30   1      lcd_data_adc(value+11);                                          
  31   1      }
  32          
  33          
  34          
  35          
  36          void delay(unsigned int sec )
  37          {
  38   1      int i ,j ;
  39   1      for(i=0;i<sec;i++)
  40   1        for(j=0; j<1275; j++);
  41   1      }
  42          


MODULE INFORMATION:   STATIC OVERLAYABLE
   CODE SIZE        =     85    ----
   CONSTANT SIZE    =   ----    ----
   XDATA SIZE       =   ----    ----
   PDATA SIZE       =   ----    ----
   DATA SIZE        =     20       2
   IDATA SIZE       =   ----    ----
   BIT SIZE         =   ----    ----
END OF MODULE INFORMATION.


C51 COMPILATION COMPLETE.  0 WARNING(S),  0 ERROR(S)
