C51 COMPILER V9.60.7.0   MAIN                                                              09/26/2023 18:03:31 PAGE 1   


C51 COMPILER V9.60.7.0, COMPILATION OF MODULE MAIN
OBJECT MODULE PLACED IN .\Objects\main.obj
COMPILER INVOKED BY: C:\Keil_v5\C51\BIN\C51.EXE main.c OPTIMIZE(8,SPEED) BROWSE DEBUG OBJECTEXTEND PRINT(.\Listings\main
                    -.lst) TABS(2) OBJECT(.\Objects\main.obj)

line level    source

   1          
   2          
   3          
   4          #include <reg51.h>
   5          #define msec 100
   6          unsigned int arr[10]={0x40,0xF9,0x24,0x30,0x19,0x12,0x02,0xF8,0x00,0x10};
   7          sbit digit2=P1^0; // defining the digit connections
   8          sbit digit1=P1^1;
   9          sbit digit0=P1^2;
  10          sbit d= P1^3;
  11          unsigned int v1,v2,v3,v4,v0;
  12          void delay(unsigned int count)
  13          {
  14   1      unsigned int j,k;
  15   1      for (j=0;j<=count;j++)
  16   1      for (k=0;k<=5;k++);
  17   1      }
  18          void main()
  19          {
  20   1       v1=v2=v3=v4=v0=0;
  21   1       while(1)
  22   1      {   
  23   2      {
  24   3           v0=v0+1;
  25   3        if(v0==2)
  26   3        {
  27   4        v0=0;
  28   4        v1=v1+1;
  29   4        }
  30   3          P2=0xFF;
  31   3        d = 1;
  32   3        digit2 = digit0 = digit1= 0;
  33   3        P2 = arr[v1];
  34   3        delay(msec);
  35   3        
  36   3          if(v1==10)
  37   3        {
  38   4        v1=0;
  39   4        v2=v2+1;
  40   4        }
  41   3        P2=0xFF;
  42   3        digit0 = 1;
  43   3        digit1 =d=digit2= 0;
  44   3        P2 = arr[v2];
  45   3        delay(msec);
  46   3      
  47   3          if(v2==10)
  48   3        {
  49   4        v2=0;
  50   4        v3=v3+1;
  51   4        }
  52   3        P2=0xFF;
  53   3        digit1 = 1;
  54   3        digit2 =d=digit0= 0;
C51 COMPILER V9.60.7.0   MAIN                                                              09/26/2023 18:03:31 PAGE 2   

  55   3        P2 = arr[v3];
  56   3        delay(msec);
  57   3      
  58   3          if(v3==10)
  59   3        {
  60   4        v3=0;
  61   4        v4=v4+1;
  62   4        }
  63   3        P2=0xFF;
  64   3        digit2 = 1;
  65   3        digit1 =d=digit0= 0;
  66   3        P2 = arr[v4];
  67   3        delay(msec);
  68   3      
  69   3        if(v4==10)
  70   3        {
  71   4      v1=0;
  72   4      v2=0;
  73   4      v3=0;
  74   4      v4=0;
  75   4          }
  76   3      delay(msec);
  77   3      P2=0xFF;
  78   3      }
  79   2      }
  80   1      }
  81          
  82          


MODULE INFORMATION:   STATIC OVERLAYABLE
   CODE SIZE        =    249    ----
   CONSTANT SIZE    =   ----    ----
   XDATA SIZE       =   ----    ----
   PDATA SIZE       =   ----    ----
   DATA SIZE        =     30    ----
   IDATA SIZE       =   ----    ----
   BIT SIZE         =   ----    ----
END OF MODULE INFORMATION.


C51 COMPILATION COMPLETE.  0 WARNING(S),  0 ERROR(S)
