C51 COMPILER V9.60.7.0   KEY_SEG                                                           10/01/2023 11:48:14 PAGE 1   


C51 COMPILER V9.60.7.0, COMPILATION OF MODULE KEY_SEG
OBJECT MODULE PLACED IN .\Objects\key_seg.obj
COMPILER INVOKED BY: C:\Keil_v5\C51\BIN\C51.EXE key_seg.c OPTIMIZE(8,SPEED) BROWSE DEBUG OBJECTEXTEND PRINT(.\Listings\k
                    -ey_seg.lst) TABS(2) OBJECT(.\Objects\key_seg.obj)

line level    source

   1          #include<reg51.h> 
   2          #define led P0
   3          sbit sw1=P2^0;
   4          sbit sw2=P2^1;
   5          sbit sw3=P2^2;
   6          sbit sw4=P2^3;
   7          unsigned char ch[]={0xc0,0xf9,0xa4,0xb0,0x99,0x92,0x82,0xf8,0x80,0x90};
   8          //void delay (int);
   9          void display (unsigned long int);
  10          void sdelay (char);
  11          
  12          /*void delay (int d)
  13          {
  14            unsigned char i;
  15            for(;d>0;d--)
  16            {
  17              for(i=250;i>0;i--);
  18              for(i=248;i>0;i--);
  19            }
  20          }*/
  21          
  22          void sdelay (char d)
  23          {
  24   1        for(;d>0;d--);
  25   1      }
  26          
  27          void display (unsigned long int n)
  28          {
  29   1        led=ch[n/1000];
  30   1        sw1=1;
  31   1        sdelay(30);
  32   1        sw1=0;
  33   1        
  34   1        led=ch[(n/100)%10];
  35   1        sw2=1;
  36   1        sdelay(30);
  37   1        sw2=0;
  38   1        
  39   1        led=ch[(n/10)%10];
  40   1        sw3=1;
  41   1        sdelay(30);
  42   1        sw3=0;
  43   1        
  44   1        led=ch[n%10];
  45   1        sw4=1;
  46   1        sdelay(30);
  47   1        sw4=0;
  48   1      }
  49          
  50          void main()
  51          {
  52   1        unsigned long int i=1;
  53   1        
  54   1        while(1)
C51 COMPILER V9.60.7.0   KEY_SEG                                                           10/01/2023 11:48:14 PAGE 2   

  55   1        {
  56   2          i=++i;
  57   2          display(i);
  58   2          if(i==9999)
  59   2            i=0;
  60   2        }
  61   1      }


MODULE INFORMATION:   STATIC OVERLAYABLE
   CODE SIZE        =    221    ----
   CONSTANT SIZE    =   ----    ----
   XDATA SIZE       =   ----    ----
   PDATA SIZE       =   ----    ----
   DATA SIZE        =     10       8
   IDATA SIZE       =   ----    ----
   BIT SIZE         =   ----    ----
END OF MODULE INFORMATION.


C51 COMPILATION COMPLETE.  0 WARNING(S),  0 ERROR(S)
