C51 COMPILER V9.60.7.0   MAIN                                                              09/26/2023 18:16:15 PAGE 1   


C51 COMPILER V9.60.7.0, COMPILATION OF MODULE MAIN
OBJECT MODULE PLACED IN .\Objects\main.obj
COMPILER INVOKED BY: C:\Keil_v5\C51\BIN\C51.EXE main.c OPTIMIZE(8,SPEED) BROWSE DEBUG OBJECTEXTEND PRINT(.\Listings\main
                    -.lst) TABS(2) OBJECT(.\Objects\main.obj)

line level    source

   1          #include<reg51.h>
   2          sfr p0=0xA0;
   3          sbit s1=P1^0;
   4          sbit s2=P1^1;
   5          sbit s3=P1^2;
   6          sbit s4=P1^3;
   7          void delay(unsigned int);
   8          void main()
   9          {
  10   1        unsigned char i,j,k,l,m;
  11   1          char digit[]={0x3F,0x06,0x5B,0x4F,0x66,0x6D,0x7D,0x07,0x7F,0x6F};
  12   1          for(l=0; l<10; l++)
  13   1          {
  14   2          for(k=0; k<10; k++)
  15   2          {
  16   3            for(j=0; j<10; j++)
  17   3            {
  18   4              for(i=0; i<10; i++)
  19   4              {
  20   5                for(m=0; m<10; m++)
  21   5                {
  22   6                p0=digit[i];
  23   6                s1=1;
  24   6                s2=0;
  25   6                s3=0;
  26   6                s4=0;
  27   6                delay(15);
  28   6                p0=digit[j];
  29   6                s1=0;
  30   6                s2=1;
  31   6                s3=0;
  32   6                s4=0;
  33   6                delay(15);
  34   6                p0=digit[k];
  35   6                s1=0;
  36   6                s2=0;
  37   6                s3=1;
  38   6                s4=0;
  39   6                delay(15);
  40   6                p0=digit[l];
  41   6                s1=0;
  42   6                s2=0;
  43   6                s3=0;
  44   6                s4=1;
  45   6                delay(15);
  46   6              }
  47   5            }
  48   4          }
  49   3        }
  50   2      }
  51   1      }
  52          void delay(unsigned int value)
  53          {
  54   1        unsigned int i,j;
C51 COMPILER V9.60.7.0   MAIN                                                              09/26/2023 18:16:15 PAGE 2   

  55   1        for(i=0; i<value; i++)
  56   1        {
  57   2          for(j=0; j<1; j++);
  58   2        }
  59   1      }


MODULE INFORMATION:   STATIC OVERLAYABLE
   CODE SIZE        =    186    ----
   CONSTANT SIZE    =     10    ----
   XDATA SIZE       =   ----    ----
   PDATA SIZE       =   ----    ----
   DATA SIZE        =   ----      15
   IDATA SIZE       =   ----    ----
   BIT SIZE         =   ----    ----
END OF MODULE INFORMATION.


C51 COMPILATION COMPLETE.  0 WARNING(S),  0 ERROR(S)
