C51 COMPILER V9.60.7.0   MAIN                                                              09/25/2023 12:34:56 PAGE 1   


C51 COMPILER V9.60.7.0, COMPILATION OF MODULE MAIN
OBJECT MODULE PLACED IN .\Objects\main.obj
COMPILER INVOKED BY: C:\Keil_v5\C51\BIN\C51.EXE main.c OPTIMIZE(8,SPEED) BROWSE DEBUG OBJECTEXTEND PRINT(.\Listings\main
                    -.lst) TABS(2) OBJECT(.\Objects\main.obj)

line level    source

   1          #include <reg51.h>
   2          
   3          sbit LDR_PIN = P1^0;  // Pin connected to LDR
   4          sbit LED_PIN = P1^1;  // Pin connected to LED
   5          
   6          void main() {
   7   1          while (1) {
   8   2              if (LDR_PIN == 1) {  // If LDR senses light
   9   3                  LED_PIN = 1;    // Turn on the LED
  10   3              } else {
  11   3                  LED_PIN = 0;    // Turn off the LED
  12   3              }
  13   2          }
  14   1      }


MODULE INFORMATION:   STATIC OVERLAYABLE
   CODE SIZE        =     11    ----
   CONSTANT SIZE    =   ----    ----
   XDATA SIZE       =   ----    ----
   PDATA SIZE       =   ----    ----
   DATA SIZE        =   ----    ----
   IDATA SIZE       =   ----    ----
   BIT SIZE         =   ----    ----
END OF MODULE INFORMATION.


C51 COMPILATION COMPLETE.  0 WARNING(S),  0 ERROR(S)
