C51 COMPILER V9.60.7.0   EEPROM                                                            11/07/2023 20:07:21 PAGE 1   


C51 COMPILER V9.60.7.0, COMPILATION OF MODULE EEPROM
OBJECT MODULE PLACED IN .\Objects\eeprom.obj
COMPILER INVOKED BY: C:\Keil_v5\C51\BIN\C51.EXE eeprom.c OPTIMIZE(8,SPEED) BROWSE DEBUG OBJECTEXTEND PRINT(.\Listings\ee
                    -prom.lst) TABS(2) OBJECT(.\Objects\eeprom.obj)

line level    source

   1          
   2          
   3          #include <reg51.h>
   4          #include "eeprom.h"
   5          #include "delay.h"
   6          #include "uart.h"
   7          
   8          
   9          unsigned char bdata EP_DATA;
  10          sbit SDA =   P1^0;
  11          sbit SCL =   P1^1;
  12          
  13          sbit lsb=EP_DATA^0;
  14          sbit msb=EP_DATA^7;
  15          
  16          unsigned char rec[25];
  17          
  18          
  19          void i2c_start(void)
  20          {
  21   1        SDA=1;
  22   1        SCL=1;
  23   1        delay(1);
  24   1        SDA=0;
  25   1        delay(1);
  26   1        SCL=0;
  27   1      }
  28          
  29          
  30          
  31          void i2c_stop(void)
  32          {
  33   1        SDA=0;
  34   1        SCL=1;
  35   1        delay(1);
  36   1        SDA=1;
  37   1        delay(1);
  38   1        SCL=0;
  39   1      }
  40          
  41          
  42          void i2c_send (unsigned char send)
  43          {
  44   1        unsigned char i;
  45   1        EP_DATA=send;
  46   1        for(i=0;i<=7;i++) {
  47   2          SDA=msb;
  48   2          SCL=1;
  49   2          SCL=0;
  50   2          EP_DATA=EP_DATA<<1;
  51   2        }
  52   1        while(SDA!=0);
  53   1        SCL=1;
  54   1        SCL=0;
C51 COMPILER V9.60.7.0   EEPROM                                                            11/07/2023 20:07:21 PAGE 2   

  55   1      }
  56          
  57          
  58          
  59          void i2c_send_byte(unsigned char addr,unsigned char dataa)
  60          {
  61   1        i2c_start();
  62   1        i2c_send(0xa0);
  63   1        i2c_send(addr);
  64   1        i2c_send(dataa);
  65   1        i2c_stop();
  66   1      }
  67          
  68          
  69          
  70          
  71          
  72          void i2c_send_string(unsigned char addr,unsigned char *s)
  73          {
  74   1        i2c_start();
  75   1        i2c_send(0xa0);
  76   1        i2c_send(addr);
  77   1        while(*s) 
  78   1        {
  79   2          i2c_send(*s++);
  80   2          //tx(*s);
  81   2          
  82   2        }
  83   1        i2c_stop();
  84   1      }
  85          
  86          
  87          
  88          
  89          
  90          
  91          unsigned char i2c_read(void)
  92          {
  93   1        unsigned char i;
  94   1        lsb=SDA;
  95   1        for(i=0;i<=7;i++) {
  96   2          EP_DATA=EP_DATA<<1;
  97   2          lsb=SDA;
  98   2          SCL=1;
  99   2          SCL=0;
 100   2        }
 101   1              
 102   1        if(EP_DATA==13) {
 103   2          SDA=1;
 104   2          SCL=1;
 105   2          delay(1);
 106   2          SCL=0;
 107   2          delay(1);
 108   2          SDA=0;
 109   2          i2c_stop();
 110   2          delay(1);
 111   2          return(EP_DATA);
 112   2        }
 113   1      
 114   1        SDA=0;
 115   1        SCL=1;
 116   1        delay(1);
C51 COMPILER V9.60.7.0   EEPROM                                                            11/07/2023 20:07:21 PAGE 3   

 117   1        SCL=0;
 118   1        delay(1);
 119   1        SDA=1;
 120   1      
 121   1        return(EP_DATA);
 122   1      }
 123          
 124          
 125          
 126          
 127          
 128          unsigned char i2c_read_byte(unsigned char addr)
 129          {
 130   1        unsigned char rec;
 131   1        i2c_start();
 132   1        i2c_send(0xa0);
 133   1        i2c_send(addr);
 134   1        i2c_start();
 135   1        i2c_send(0xa1);
 136   1        rec=i2c_read();
 137   1        i2c_stop();
 138   1        tx(rec);
 139   1        return rec;
 140   1      }
 141          
 142          
 143          
 144          unsigned char i2c_read_string(unsigned char addr)
 145          {
 146   1        unsigned char i;
 147   1        i2c_start();
 148   1        i2c_send(0xa0);
 149   1        i2c_send(addr);
 150   1        i2c_start();
 151   1        i2c_send(0xa1);
 152   1        for(i=0;i<16;i++) 
 153   1        {
 154   2        rec[i]=i2c_read();  
 155   2        }
 156   1        i2c_stop();
 157   1        return rec;
 158   1      }


MODULE INFORMATION:   STATIC OVERLAYABLE
   CODE SIZE        =    333    ----
   CONSTANT SIZE    =   ----    ----
   XDATA SIZE       =   ----    ----
   PDATA SIZE       =   ----    ----
   DATA SIZE        =     26      10
   IDATA SIZE       =   ----    ----
   BIT SIZE         =   ----    ----
END OF MODULE INFORMATION.


C51 COMPILATION COMPLETE.  0 WARNING(S),  0 ERROR(S)
