C51 COMPILER V9.60.7.0   UART                                                              11/07/2023 20:07:21 PAGE 1   


C51 COMPILER V9.60.7.0, COMPILATION OF MODULE UART
OBJECT MODULE PLACED IN .\Objects\uart.obj
COMPILER INVOKED BY: C:\Keil_v5\C51\BIN\C51.EXE uart.c OPTIMIZE(8,SPEED) BROWSE DEBUG OBJECTEXTEND PRINT(.\Listings\uart
                    -.lst) TABS(2) OBJECT(.\Objects\uart.obj)

line level    source

   1          #include "uart.h"
   2          #include "delay.h"
   3          #include <reg51.h>
   4          
   5          
   6          
   7          void ser_init()
   8          {
   9   1        SCON=0x50;
  10   1        TMOD|=0x20;
  11   1        TH1=0xFD;
  12   1        TL1=0xFD;
  13   1        TR1=1;
  14   1      }
  15          
  16          void tx(unsigned char send)
  17          {
  18   1        SBUF=send;
  19   1        while(TI==0);
  20   1        TI=0;
  21   1      }
  22          
  23          void tx_str(unsigned char *s)
  24          {
  25   1        while(*s)
  26   1          tx(*s++);
  27   1      }
  28          
  29          
  30          
  31          unsigned char rx()
  32          {
  33   1        while(RI == 0); // Wait for reception to complete
  34   1        RI = 0; // Reset receive interrupt flag
  35   1        return SBUF; // Return received data
  36   1      }
  37          
  38          void rx_str(unsigned char *buffer, unsigned int max_length)
  39          {
  40   1        unsigned int i = 0;
  41   1        while (i < max_length - 1) // Ensure there's room for the null terminator
  42   1        {
  43   2          buffer[i] = rx(); // Receive a character
  44   2          if (buffer[i] == '\r' || buffer[i] == '\n') // Check for end of line
  45   2          {
  46   3            buffer[i] = '\0'; // Null-terminate the string
  47   3            break;
  48   3          }
  49   2          i++;
  50   2        }
  51   1        buffer[i] = '\0'; // Null-terminate the string in case it's not already terminated
  52   1      }
  53          
  54          
C51 COMPILER V9.60.7.0   UART                                                              11/07/2023 20:07:21 PAGE 2   

  55          unsigned int rxTwoDigitInt() 
  56          {
  57   1          unsigned int receivedInt = 0;
  58   1          unsigned char rxChar;
  59   1          int digitCount = 0;
  60   1      
  61   1          while (digitCount < 2) {
  62   2              rxChar = rx(); // Receive a character
  63   2      
  64   2              if (rxChar >= '0' && rxChar <= '9') {
  65   3                  receivedInt = receivedInt * 10 + (rxChar - '0');
  66   3                  digitCount++;
  67   3              }
  68   2          }
  69   1          
  70   1          return receivedInt;
  71   1      }
  72          
  73          
  74          
  75          
  76          
  77          void intToStr(unsigned int num, char* str) 
  78          {
  79   1          int i = 0;
  80   1          int length, j;
  81   1          
  82   1          if (num == 0) 
  83   1          {
  84   2              str[0] = '0';
  85   2              str[1] = '\0';
  86   2              return;
  87   2          }
  88   1          
  89   1          while (num > 0) 
  90   1          {
  91   2              str[i] = num % 10 + '0';
  92   2              num /= 10;
  93   2              i++;
  94   2          }
  95   1          
  96   1          // Reverse the string
  97   1          length = i;
  98   1          for ( j = 0; j < length / 2; j++) 
  99   1          {
 100   2              char temp = str[j];
 101   2              str[j] = str[length - j - 1];
 102   2              str[length - j - 1] = temp;
 103   2          }
 104   1          
 105   1          str[i] = '\0';
 106   1      }
 107          
 108          
 109          
 110          


MODULE INFORMATION:   STATIC OVERLAYABLE
   CODE SIZE        =    482    ----
   CONSTANT SIZE    =   ----    ----
   XDATA SIZE       =   ----    ----
C51 COMPILER V9.60.7.0   UART                                                              11/07/2023 20:07:21 PAGE 3   

   PDATA SIZE       =   ----    ----
   DATA SIZE        =   ----      20
   IDATA SIZE       =   ----    ----
   BIT SIZE         =   ----    ----
END OF MODULE INFORMATION.


C51 COMPILATION COMPLETE.  0 WARNING(S),  0 ERROR(S)
