C51 COMPILER V9.60.7.0   MAIN                                                              11/03/2023 11:53:22 PAGE 1   


C51 COMPILER V9.60.7.0, COMPILATION OF MODULE MAIN
OBJECT MODULE PLACED IN .\Objects\main.obj
COMPILER INVOKED BY: C:\Keil_v5\C51\BIN\C51.EXE main.c OPTIMIZE(8,SPEED) BROWSE DEBUG OBJECTEXTEND PRINT(.\Listings\main
                    -.lst) TABS(2) OBJECT(.\Objects\main.obj)

line level    source

   1          #include <reg51.h>
   2          
   3          unsigned char bdata EP_DATA;
   4          
   5          sbit lsb=EP_DATA^0;
   6          sbit msb=EP_DATA^7;
   7          
   8          sbit SDA =   P1^0;
   9          sbit SCL =   P1^1;
  10          
  11          unsigned char rec[28];
  12          
  13          void i2c_start(void);
  14          void i2c_stop(void);
  15          void delay(unsigned int);
  16          
  17          void i2c_send (unsigned char);
  18          void i2c_send_byte(unsigned char addr,unsigned char dataa);
  19          void i2c_send_string(unsigned char addr,unsigned char *s);
  20          
  21          unsigned char i2c_read(void);
  22          unsigned char i2c_read_byte(unsigned char addr);
  23          unsigned char i2c_read_string(unsigned char addr);
  24          
  25          void ser_init();
  26          void tx(unsigned char send);
  27          void tx_str(unsigned char *s);
  28          
  29          void i2c_start(void)
  30          {
  31   1        SDA=1;
  32   1        SCL=1;
  33   1        delay(1);
  34   1        SDA=0;
  35   1        delay(1);
  36   1        SCL=0;
  37   1      }
  38          
  39          
  40          void i2c_send (unsigned char send)
  41          {
  42   1        unsigned char i;
  43   1        EP_DATA=send;
  44   1        for(i=0;i<=7;i++) {
  45   2          SDA=msb;
  46   2          SCL=1;
  47   2          SCL=0;
  48   2          EP_DATA=EP_DATA<<1;
  49   2        }
  50   1        while(SDA!=0);
  51   1        SCL=1;
  52   1        SCL=0;
  53   1      }
  54          
C51 COMPILER V9.60.7.0   MAIN                                                              11/03/2023 11:53:22 PAGE 2   

  55          unsigned char i2c_read(void)
  56          {
  57   1        unsigned char i;
  58   1        lsb=SDA;
  59   1        for(i=0;i<=7;i++) {
  60   2          EP_DATA=EP_DATA<<1;
  61   2          lsb=SDA;
  62   2          SCL=1;
  63   2          SCL=0;
  64   2        }
  65   1              
  66   1        if(EP_DATA==13) {
  67   2          SDA=1;
  68   2          SCL=1;
  69   2          delay(1);
  70   2          SCL=0;
  71   2          delay(1);
  72   2          SDA=0;
  73   2          i2c_stop();
  74   2          delay(1);
  75   2          return(EP_DATA);
  76   2        }
  77   1      
  78   1        SDA=0;
  79   1        SCL=1;
  80   1        delay(1);
  81   1        SCL=0;
  82   1        delay(1);
  83   1        SDA=1;
  84   1      
  85   1        return(EP_DATA);
  86   1      }
  87          
  88          void i2c_stop(void)
  89          {
  90   1        SDA=0;
  91   1        SCL=1;
  92   1        delay(1);
  93   1        SDA=1;
  94   1        delay(1);
  95   1        SCL=0;
  96   1      }
  97          
  98          void i2c_send_byte(unsigned char addr,unsigned char dataa)
  99          {
 100   1        i2c_start();
 101   1        i2c_send(0xa0);
 102   1        i2c_send(addr);
 103   1        i2c_send(dataa);
 104   1        i2c_stop();
 105   1      }
 106          
 107          unsigned char i2c_read_byte(unsigned char addr)
 108          {
 109   1        unsigned char rec;
 110   1        i2c_start();
 111   1        i2c_send(0xa0);
 112   1        i2c_send(addr);
 113   1        i2c_start();
 114   1        i2c_send(0xa1);
 115   1        rec=i2c_read();
 116   1        i2c_stop();
C51 COMPILER V9.60.7.0   MAIN                                                              11/03/2023 11:53:22 PAGE 3   

 117   1        tx(rec);
 118   1        return rec;
 119   1      }
 120          
 121          void i2c_send_string(unsigned char addr,unsigned char *s)
 122          {
 123   1        i2c_start();
 124   1        i2c_send(0xa0);
 125   1        i2c_send(addr);
 126   1        while(*s) 
 127   1        {
 128   2          i2c_send(*s++);
 129   2          //tx(*s);
 130   2          
 131   2        }
 132   1        i2c_stop();
 133   1      }
 134          
 135          unsigned char i2c_read_string(unsigned char addr)
 136          {
 137   1        unsigned char i;
 138   1        i2c_start();
 139   1        i2c_send(0xa0);
 140   1        i2c_send(addr);
 141   1        i2c_start();
 142   1        i2c_send(0xa1);
 143   1        for(i=0;i<14;i++) 
 144   1        {
 145   2        rec[i]=i2c_read();  
 146   2        }
 147   1        i2c_stop();
 148   1        return rec;
 149   1      }
 150          
 151          void ser_init()
 152          {
 153   1        SCON=0x50;
 154   1        TMOD|=0x20;
 155   1        TH1=0xFD;
 156   1        TL1=0xFD;
 157   1        TR1=1;
 158   1      }
 159          
 160          void tx(unsigned char send)
 161          {
 162   1        SBUF=send;
 163   1        while(TI==0);
 164   1        TI=0;
 165   1      }
 166          
 167          void tx_str(unsigned char *s)
 168          {
 169   1        while(*s)
 170   1          tx(*s++);
 171   1      }
 172          
 173          void delay(unsigned int sec )
 174          {
 175   1      int i ,j ;
 176   1      for(i=0;i<sec;i++)
 177   1        for(j=0; j<1275; j++);
 178   1      }
C51 COMPILER V9.60.7.0   MAIN                                                              11/03/2023 11:53:22 PAGE 4   

 179          
 180                               
 181          int main()
 182          {
 183   1       // unsigned char Data[50];
 184   1        while(1)
 185   1        {
 186   2        ser_init();
 187   2          tx_str("Write Data : venkata reddy");
 188   2          delay(1);
 189   2        i2c_send_string(0x00,"venkata reddy ");
 190   2        tx_str("\n\r");
 191   2        tx_str("Read back Data : ");
 192   2        i2c_read_string(0x00);
 193   2        tx_str(rec);
 194   2        tx_str("\n\r");
 195   2          
 196   2        //while(1);
 197   2        } 
 198   1      
 199   1      }


MODULE INFORMATION:   STATIC OVERLAYABLE
   CODE SIZE        =    453    ----
   CONSTANT SIZE    =     63    ----
   XDATA SIZE       =   ----    ----
   PDATA SIZE       =   ----    ----
   DATA SIZE        =     29      13
   IDATA SIZE       =   ----    ----
   BIT SIZE         =   ----    ----
END OF MODULE INFORMATION.


C51 COMPILATION COMPLETE.  0 WARNING(S),  0 ERROR(S)
