C51 COMPILER V9.60.7.0   ADC                                                               09/25/2023 11:32:55 PAGE 1   


C51 COMPILER V9.60.7.0, COMPILATION OF MODULE ADC
OBJECT MODULE PLACED IN .\Objects\adc.obj
COMPILER INVOKED BY: C:\Keil_v5\C51\BIN\C51.EXE adc.c OPTIMIZE(8,SPEED) BROWSE DEBUG OBJECTEXTEND PRINT(.\Listings\adc.l
                    -st) TABS(2) OBJECT(.\Objects\adc.obj)

line level    source

   1          #include "adc.h"
   2          #include "lcd.h"
   3          
   4          
   5          void adc_conv()
   6          {
   7   1          wr = 0;
   8   1          delay(2);
   9   1          wr = 1;
  10   1          while (intr);
  11   1          delay(2);
  12   1          intr = 1;
  13   1      }
  14          
  15          void adc_read()
  16          {
  17   1          unsigned int value;
  18   1          rd = 0;
  19   1          delay(2);
  20   1          value = adc_input;
  21   1          delay(1);
  22   1          rd = 1;
  23   1          lcd_data_adc(value + 11);
  24   1      }


MODULE INFORMATION:   STATIC OVERLAYABLE
   CODE SIZE        =     61    ----
   CONSTANT SIZE    =   ----    ----
   XDATA SIZE       =   ----    ----
   PDATA SIZE       =   ----    ----
   DATA SIZE        =   ----       2
   IDATA SIZE       =   ----    ----
   BIT SIZE         =   ----    ----
END OF MODULE INFORMATION.


C51 COMPILATION COMPLETE.  0 WARNING(S),  0 ERROR(S)
