C51 COMPILER V9.60.7.0   LCD                                                               09/25/2023 11:32:55 PAGE 1   


C51 COMPILER V9.60.7.0, COMPILATION OF MODULE LCD
OBJECT MODULE PLACED IN .\Objects\lcd.obj
COMPILER INVOKED BY: C:\Keil_v5\C51\BIN\C51.EXE lcd.c OPTIMIZE(8,SPEED) BROWSE DEBUG OBJECTEXTEND PRINT(.\Listings\lcd.l
                    -st) TABS(2) OBJECT(.\Objects\lcd.obj)

line level    source

   1          #include "lcd.h"
   2          
   3          
   4          
   5          void delay(unsigned int sec)
   6          {
   7   1          int i, j;
   8   1          for (i = 0; i < sec; i++)
   9   1              for (j = 0; j < 1275; j++);
  10   1      }
  11          
  12          void lcd_cmd(unsigned char item)
  13          {
  14   1          dataport = item;
  15   1          rs = 0;
  16   1          rw = 0;
  17   1          e = 1;
  18   1          delay(1);
  19   1          e = 0;
  20   1          return;
  21   1      }
  22          
  23          void lcd_data(unsigned char item)
  24          {
  25   1          dataport = item;
  26   1          rs = 1;
  27   1          rw = 0;
  28   1          e = 1;
  29   1          delay(1);
  30   1          e = 0;
  31   1      }
  32          
  33          void lcd_init()
  34          {
  35   1          lcd_cmd(0x01);
  36   1          delay(1);
  37   1          lcd_cmd(0x06);
  38   1          delay(1);
  39   1          lcd_cmd(0x0e);
  40   1          delay(1);
  41   1          lcd_cmd(0x38);
  42   1          delay(1);
  43   1          lcd_cmd(0x80);
  44   1          delay(1);
  45   1      }
  46          
  47          void lcd_data_string(char *x)
  48          {
  49   1          while (*x != '\0')
  50   1          {
  51   2              lcd_data(*x);
  52   2              delay(2);
  53   2              x++;
  54   2          }
C51 COMPILER V9.60.7.0   LCD                                                               09/25/2023 11:32:55 PAGE 2   

  55   1      }
  56          
  57          void lcd_data_adc(unsigned int i)
  58          {
  59   1          int p,num[10];
  60   1          int k = 0;
  61   1          while (i > 0)
  62   1          {
  63   2              num[k] = i % 10;
  64   2              i = i / 10;
  65   2              k++;
  66   2          }
  67   1          k--;
  68   1          for (p = k; p >= 0; p--)
  69   1          {
  70   2              dataport = num[p] + 48;
  71   2              rw = 0;
  72   2              rs = 1;
  73   2              e = 1;
  74   2              delay(1);
  75   2              e = 0;
  76   2          }
  77   1      }


MODULE INFORMATION:   STATIC OVERLAYABLE
   CODE SIZE        =    252    ----
   CONSTANT SIZE    =   ----    ----
   XDATA SIZE       =   ----    ----
   PDATA SIZE       =   ----    ----
   DATA SIZE        =   ----      23
   IDATA SIZE       =   ----    ----
   BIT SIZE         =   ----    ----
END OF MODULE INFORMATION.


C51 COMPILATION COMPLETE.  0 WARNING(S),  0 ERROR(S)
